make all --print-data-base --no-builtin-variables --no-builtin-rules --question
# GNU Make 3.81
# Copyright (C) 2006  Free Software Foundation, Inc.
# This is free software; see the source for copying conditions.
# There is NO warranty; not even for MERCHANTABILITY or FITNESS FOR A
# PARTICULAR PURPOSE.

# This program built for i386-apple-darwin11.3.0
 

# Make data base, printed on Tue May 24 22:49:22 2022

# Variables

 
# automatic
<D = $(patsubst %/,%,$(dir $<))
# automatic
?F = $(notdir $?)
# environment
VSCODE_LOG_NATIVE = false
# automatic
?D = $(patsubst %/,%,$(dir $?))
# automatic
@D = $(patsubst %/,%,$(dir $@))
# automatic
@F = $(notdir $@)
# makefile
CURDIR := /Users/skasmi/Desktop/push_swap copy 2
# makefile
SHELL = /bin/sh
# environment
VSCODE_NLS_CONFIG = {"locale":"en-us","availableLanguages":{},"_languagePackSupport":true}
# environment
_ = /usr/bin/make
# makefile (from `Makefile', line 14)
CFLAGS = -Wall -Wextra -Werror 
# makefile (from `Makefile', line 1)
MAKEFILE_LIST :=  Makefile
# makefile (from `Makefile', line 18)
SRCS = push_swap.c check_numbers.c ft_double.c move.c check_sorted.c move2.c move3.c ft_sorting.c ft_sorting2.c ft_big_sort.c ft_printf_utils.c ft_printf.c ft_putstr_fd.c ft_split.c 
# makefile (from `Makefile', line 33)
BSRCS = push_swap_bonus.c ft_check_numbers_bonus.c ft_double_bonus.c ft_check_sorted_bonus.c ft_move_bonus.c ft_move2_bonus.c ft_move3_bonus.c get_next_line.c 
# environment
VSCODE_VERBOSE_LOGGING = true
# environment
VSCODE_IPC_HOOK_EXTHOST = /var/folders/zz/zyxvpxvq6csfxvn_n000cd5800339_/T/vscode-ipc-2041822c-42bc-4dfa-a1e2-bf626871500c.sock
# environment
VSCODE_CWD = /
# environment
Apple_PubSub_Socket_Render = /private/tmp/com.apple.launchd.XSx7E4RQue/Render
# environment
PATH = /Users/skasmi/.brew/bin:/usr/local/bin:/usr/bin:/bin:/usr/sbin:/sbin:/usr/local/munki
# environment
LSCOLORS = Gxfxcxdxbxegedabagacad
# environment
VSCODE_LOG_STACK = false
# environment
ELECTRON_RUN_AS_NODE = 1
# default
.FEATURES := target-specific order-only second-expansion else-if archives jobserver check-symlink
# environment
SSH_AUTH_SOCK = /private/tmp/com.apple.launchd.uxQIn8JsQS/Listeners
# automatic
%F = $(notdir $%)
# environment
HOMEBREW_TEMP = /tmp/skasmi/Homebrew/Temp
# environment
VSCODE_PIPE_LOGGING = true
# environment
PWD = /Users/skasmi/Desktop/push_swap copy 2
# environment
ORIGINAL_XDG_CURRENT_DESKTOP = undefined
# environment
VSCODE_AMD_ENTRYPOINT = vs/workbench/api/node/extensionHostProcess
# environment
HOME = /Users/skasmi
# default
MAKEFILEPATH = $(shell /usr/bin/xcode-select -print-path 2>/dev/null || echo /Developer)/Makefiles
# environment
VSCODE_CODE_CACHE_PATH = /Users/skasmi/Library/Application Support/Code/CachedData/57fd6d0195bb9b9d1b49f6da5db789060795de47
# environment
LOGNAME = skasmi
# environment
APPLICATION_INSIGHTS_NO_DIAGNOSTIC_CHANNEL = 1
# environment
ZSH = /Users/skasmi/.oh-my-zsh
# environment
VSCODE_HANDLES_UNCAUGHT_ERRORS = true
# automatic
^D = $(patsubst %/,%,$(dir $^))
# environment
XPC_FLAGS = 0x0
# default
MAKE = $(MAKE_COMMAND)
# default
MAKECMDGOALS := all
# environment
HOMEBREW_CACHE = /tmp/skasmi/Homebrew/Caches
# environment
SHLVL = 1
# makefile (from `Makefile', line 13)
CC = gcc
# makefile (from `Makefile', line 44)
OBJCTS = $(SRCS:%.c=%.o)
# default
MAKE_VERSION := 3.81
# environment
USER = skasmi
# makefile
.DEFAULT_GOAL := push_swap
# makefile (from `Makefile', line 16)
NAME = push_swap
# environment
LESS = -R
# automatic
%D = $(patsubst %/,%,$(dir $%))
# makefile (from `Makefile', line 42)
BOBJCTS = $(BSRCS:%.c=%.o)
# default
MAKE_COMMAND := /Library/Developer/CommandLineTools/usr/bin/make
# default
.VARIABLES := 
# environment
TMPDIR = /var/folders/zz/zyxvpxvq6csfxvn_n000cd5800339_/T/
# automatic
*F = $(notdir $*)
# environment
VSCODE_IPC_HOOK = /Users/skasmi/Library/Application Support/Code/1.67.0-main.sock
# makefile
MAKEFLAGS = Rrqp
# environment
MFLAGS = -Rrqp
# automatic
*D = $(patsubst %/,%,$(dir $*))
# environment
 
XPC_SERVICE_NAME = com.apple.xpc.launchd.oneshot.0x10000007.Electron
# automatic
+D = $(patsubst %/,%,$(dir $+))
# automatic
+F = $(notdir $+)
# environment
__CF_USER_TEXT_ENCODING = 0x18D2A:0x0:0x0
# environment
COMMAND_MODE = unix2003
# default
MAKEFILES := 
# automatic
<F = $(notdir $<)
# environment
PAGER = less
# environment
LC_ALL = C
# environment
SECURITYSESSIONID = 186a8
# automatic
^F = $(notdir $^)
# default
SUFFIXES := 
# default
.INCLUDE_DIRS = /usr/local/include
# environment
MAKELEVEL := 0
# environment
LANG = C
# environment
VSCODE_PID = 6346
# variable set hash-table stats:
# Load=76/1024=7%, Rehash=0, Collisions=9/112=8%

# Pattern-specific Variable Values

# No pattern-specific variable values.

# Directories

# . (device 16777227, inode 5863481): 39 files, no impossibilities.

# 39 files, no impossibilities in 1 directories.

# Implicit Rules

# No implicit rules.

# Files

# Not a target:
ft_move_bonus.o:
#  Implicit rule search has not been done.
#  Modification time never checked.
#  File has not been updated.

# Not a target:
check_sorted.o:
#  Implicit rule search has been done.
#  Last modified 2022-05-24 22:48:53
#  File has been updated.
#  Successfully updated.
# variable set hash-table stats:
# Load=0/32=0%, Rehash=0, Collisions=0/0=0%

all: push_swap
#  Command-line target.
#  Implicit rule search has been done.
#  File does not exist.
#  File has been updated.
#  Needs to be updated (-q is set).
# variable set hash-table stats:
# Load=0/32=0%, Rehash=0, Collisions=0/6=0%

# Not a target:
check_numbers.o:
#  Implicit rule search has been done.
#  Last modified 2022-05-24 22:48:53
#  File has been updated.
#  Successfully updated.
# variable set hash-table stats:
# Load=0/32=0%, Rehash=0, Collisions=0/0=0%

# Not a target:
ft_check_sorted_bonus.o:
#  Implicit rule search has not been done.
#  Modification time never checked.
#  File has not been updated.

# Not a target:
move2.o:
#  Implicit rule search has been done.
#  Last modified 2022-05-24 22:48:53
#  File has been updated.
#  Successfully updated.
# variable set hash-table stats:
# Load=0/32=0%, Rehash=0, Collisions=0/0=0%

# Not a target:
ft_big_sort.o:
#  Implicit rule search has been done.
#  Last modified 2022-05-24 22:48:53
#  File has been updated.
#  Successfully updated.
# variable set hash-table stats:
# Load=0/32=0%, Rehash=0, Collisions=0/0=0%

# Not a target:
ft_check_numbers_bonus.o:
#  Implicit rule search has not been done.
#  Modification time never checked.
#  File has not been updated.

# Not a target:
ft_split.o:
#  Implicit rule search has been done.
#  Last modified 2022-05-24 22:48:54
#  File has been updated.
#  Successfully updated.
# variable set hash-table stats:
# Load=0/32=0%, Rehash=0, Collisions=0/0=0%

# Not a target:
ft_printf.o:
#  Implicit rule search has been done.
#  Last modified 2022-05-24 22:48:53
#  File has been updated.
#  Successfully updated.
# variable set hash-table stats:
# Load=0/32=0%, Rehash=0, Collisions=0/0=0%

# Not a target:
ft_double_bonus.o:
#  Implicit rule search has not been done.
#  Modification time never checked.
#  File has not been updated.

# Not a target:
.SUFFIXES:
#  Implicit rule search has not been done.
#  Modification time never checked.
#  File has not been updated.

# Not a target:
Makefile:
#  Implicit rule search has been done.
#  Last modified 2022-05-24 22:49:13
#  File has been updated.
#  Successfully updated.
# variable set hash-table stats:
# Load=0/32=0%, Rehash=0, Collisions=0/0=0%

# Not a target:
ft_sorting.o:
#  Implicit rule search has been done.
#  Last modified 2022-05-24 22:48:53
#  File has been updated.
#  Successfully updated.
# variable set hash-table stats:
# Load=0/32=0%, Rehash=0, Collisions=0/0=0%

# Not a target:
push_swap_bonus.o:
#  Implicit rule search has not been done.
#  Modification time never checked.
#  File has not been updated.

# Not a target:
ft_move2_bonus.o:
#  Implicit rule search has not been done.
#  Modification time never checked.
#  File has not been updated.

bonus: push_swap_bonus.o ft_check_numbers_bonus.o ft_double_bonus.o ft_check_sorted_bonus.o ft_move_bonus.o ft_move2_bonus.o ft_move3_bonus.o get_next_line.o
#  Implicit rule search has not been done.
#  Modification time never checked.
#  File has not been updated.
#  commands to execute (from `Makefile', line 52):
	CC $(CFLAGS)  $(BOBJCTS) -o push_swap_bonus
	

fclean: clean
#  Implicit rule search has not been done.
#  Modification time never checked.
#  File has not been updated.
#  commands to execute (from `Makefile', line 58):
	rm -f $(NAME) push_swap_bonus
	

# Not a target:
ft_double.o:
#  Implicit rule search has been done.
#  Last modified 2022-05-24 22:48:53
#  File has been updated.
#  Successfully updated.
# variable set hash-table stats:
# Load=0/32=0%, Rehash=0, Collisions=0/0=0%

# Not a target:
move3.o:
#  Implicit rule search has been done.
#  Last modified 2022-05-24 22:48:53
#  File has been updated.
#  Successfully updated.
# variable set hash-table stats:
# Load=0/32=0%, Rehash=0, Collisions=0/0=0%

# Not a target:
.DEFAULT:
#  Implicit rule search has not been done.
#  Modification time never checked.
#  File has not been updated.

re: fclean all
#  Implicit rule search has not been done.
#  Modification time never checked.
#  File has not been updated.
#  commands to execute (from `Makefile', line 75):
	

clean:
#  Implicit rule search has not been done.
#  Modification time never checked.
#  File has not been updated.
#  commands to execute (from `Makefile', line 55):
	rm -f $(OBJCTS) $(BOBJCTS)
	

# Not a target:
push_swap.o:
#  Implicit rule search has been done.
#  Last modified 2022-05-24 22:48:53
#  File has been updated.
#  Successfully updated.
# variable set hash-table stats:
# Load=0/32=0%, Rehash=0, Collisions=0/0=0%

push_swap: push_swap.o check_numbers.o ft_double.o move.o check_sorted.o move2.o move3.o ft_sorting.o ft_sorting2.o ft_big_sort.o ft_printf_utils.o ft_printf.o ft_putstr_fd.o ft_split.o
#  Implicit rule search has not been done.
#  Implicit/static pattern stem: `'
#  File does not exist.
#  File has been updated.
#  Needs to be updated (-q is set).
# automatic
# @ := push_swap
# automatic
# % := 
# automatic
# * := 
# automatic
# + := push_swap.o check_numbers.o ft_double.o move.o check_sorted.o move2.o move3.o ft_sorting.o ft_sorting2.o ft_big_sort.o ft_printf_utils.o ft_printf.o ft_putstr_fd.o ft_split.o
# automatic
# | := 
# automatic
# < := push_swap.o
# automatic
# ^ := push_swap.o check_numbers.o ft_double.o move.o check_sorted.o move2.o move3.o ft_sorting.o ft_sorting2.o ft_big_sort.o ft_printf_utils.o ft_printf.o ft_putstr_fd.o ft_split.o
# automatic
# ? := push_swap.o check_numbers.o ft_double.o move.o check_sorted.o move2.o move3.o ft_sorting.o ft_sorting2.o ft_big_sort.o ft_printf_utils.o ft_printf.o ft_putstr_fd.o ft_split.o
# variable set hash-table stats:
# Load=8/32=25%, Rehash=0, Collisions=1/14=7%
#  commands to execute (from `Makefile', line 47):
	CC $(CFLAGS)  $(OBJCTS) -o $(NAME)
	

# Not a target:
move.o:
#  Implicit rule search has been done.
#  Last modified 2022-05-24 22:48:53
#  File has been updated.
#  Successfully updated.
# variable set hash-table stats:
# Load=0/32=0%, Rehash=0, Collisions=0/0=0%

# Not a target:
ft_putstr_fd.o:
#  Implicit rule search has been done.
#  Last modified 2022-05-24 22:48:54
#  File has been updated.
#  Successfully updated.
# variable set hash-table stats:
# Load=0/32=0%, Rehash=0, Collisions=0/0=0%

# Not a target:
ft_sorting2.o:
#  Implicit rule search has been done.
#  Last modified 2022-05-24 22:48:53
#  File has been updated.
#  Successfully updated.
# variable set hash-table stats:
# Load=0/32=0%, Rehash=0, Collisions=0/0=0%

# Not a target:
ft_move3_bonus.o:
#  Implicit rule search has not been done.
#  Modification time never checked.
#  File has not been updated.

# Not a target:
ft_printf_utils.o:
#  Implicit rule search has been done.
#  Last modified 2022-05-24 22:48:54
#  File has been updated.
#  Successfully updated.
# variable set hash-table stats:
# Load=0/32=0%, Rehash=0, Collisions=0/0=0%

# Not a target:
get_next_line.o:
 
#  Implicit rule search has not been done.
#  Modification time never checked.
#  File has not been updated.

# files hash-table stats:
# Load=31/1024=3%, Rehash=0, Collisions=0/71=0%
# VPATH Search Paths

# No `vpath' search paths.

# No general (`VPATH' variable) search path.

# # of strings in strcache: 1
# # of strcache buffers: 1
# strcache size: total = 4096 / max = 4096 / min = 4096 / avg = 4096
# strcache free: total = 4087 / max = 4087 / min = 4087 / avg = 4087

# Finished Make data base on Tue May 24 22:49:22 2022

 
